[2022-03-27 21:24:21.965] [main] [info] window#load: attempt to load window (id: 1)
[2022-03-27 21:24:21.975] [main] [info] update#setState idle
[2022-03-27 21:24:22.010] [main] [info] ExtensionHostStarterWorker created
[2022-03-27 21:24:23.791] [main] [info] window#load: window reported ready (id: 1)
[2022-03-27 21:24:23.962] [main] [info] Starting extension host with pid 6768 (fork() took 7 ms).
[2022-03-27 21:24:23.962] [main] [info] ExtensionHostStarterWorker.start() took 8 ms.
[2022-03-27 21:24:37.006] [main] [info] window#load: attempt to load window (id: 1)
[2022-03-27 21:24:37.045] [main] [info] Extension host with pid 6768 exited with code: 0, signal: null.
[2022-03-27 21:24:37.586] [main] [info] window#load: window reported ready (id: 1)
[2022-03-27 21:24:37.752] [main] [info] Starting extension host with pid 6922 (fork() took 5 ms).
[2022-03-27 21:24:37.752] [main] [info] ExtensionHostStarterWorker.start() took 18 ms.
[2022-03-27 21:24:51.635] [main] [info] window#load: attempt to load window (id: 1)
[2022-03-27 21:24:51.668] [main] [info] Extension host with pid 6922 exited with code: 0, signal: null.
[2022-03-27 21:24:51.975] [main] [info] update#setState checking for updates
[2022-03-27 21:24:52.198] [main] [info] update#setState idle
[2022-03-27 21:24:52.284] [main] [info] window#load: window reported ready (id: 1)
[2022-03-27 21:24:52.504] [main] [info] Starting extension host with pid 7006 (fork() took 3 ms).
[2022-03-27 21:24:52.504] [main] [info] ExtensionHostStarterWorker.start() took 4 ms.
[2022-03-27 22:24:51.990] [main] [info] update#setState checking for updates
[2022-03-27 22:24:53.137] [main] [info] update#setState idle
[2022-03-27 23:24:52.095] [main] [info] update#setState checking for updates
[2022-03-27 23:24:53.046] [main] [info] update#setState idle
[2022-03-28 00:24:52.199] [main] [info] update#setState checking for updates
[2022-03-28 00:24:54.309] [main] [info] update#setState idle
[2022-03-28 00:26:12.657] [main] [info] Waiting for extension host with pid 7006 to exit.
[2022-03-28 00:26:12.687] [main] [info] Extension host with pid 7006 exited with code: 0, signal: null.
