[2022-03-27 21:24:24.807] [settingssync] [info] Using settings sync service https://vscode-sync.trafficmanager.net/
[2022-03-27 21:24:24.807] [settingssync] [info] Auto Sync is enabled.
[2022-03-27 21:24:24.807] [settingssync] [info] Auto Sync: Suspended until auth token is available.
[2022-03-27 21:24:24.916] [settingssync] [info] Auto Sync: Started
[2022-03-27 21:24:24.916] [settingssync] [info] Auto Sync: Triggered by Interval
[2022-03-27 21:24:25.846] [settingssync] [info] Settings: No changes found during synchronizing settings.
[2022-03-27 21:24:25.876] [settingssync] [info] Keybindings: No changes found during synchronizing keybindings.
[2022-03-27 21:24:25.906] [settingssync] [info] Snippets: No changes found during synchronizing snippets.
[2022-03-27 21:24:25.921] [settingssync] [info] Tasks: No changes found during synchronizing tasks.
[2022-03-27 21:24:26.354] [settingssync] [info] GlobalState: Updated remote ui state
[2022-03-27 21:24:26.362] [settingssync] [info] GlobalState: Updated last synchronized ui state
[2022-03-27 21:24:26.437] [settingssync] [info] Extensions: No changes found during synchronizing extensions.
[2022-03-27 21:24:26.438] [settingssync] [info] Sync done. Took 673ms
[2022-03-27 21:24:40.464] [settingssync] [info] Auto Sync: Triggered by Activity
[2022-03-27 21:24:40.774] [settingssync] [info] Settings: No changes found during synchronizing settings.
[2022-03-27 21:24:40.780] [settingssync] [info] Keybindings: No changes found during synchronizing keybindings.
[2022-03-27 21:24:40.788] [settingssync] [info] Snippets: No changes found during synchronizing snippets.
[2022-03-27 21:24:40.793] [settingssync] [info] Tasks: No changes found during synchronizing tasks.
[2022-03-27 21:24:41.194] [settingssync] [info] GlobalState: Updated remote ui state
[2022-03-27 21:24:41.200] [settingssync] [info] GlobalState: Updated last synchronized ui state
[2022-03-27 21:24:41.241] [settingssync] [info] Extensions: No changes found during synchronizing extensions.
[2022-03-27 21:24:41.242] [settingssync] [info] Sync done. Took 498ms
[2022-03-27 21:24:54.954] [settingssync] [info] Auto Sync: Triggered by Activity
[2022-03-27 21:24:55.216] [settingssync] [info] Settings: No changes found during synchronizing settings.
[2022-03-27 21:24:55.222] [settingssync] [info] Keybindings: No changes found during synchronizing keybindings.
[2022-03-27 21:24:55.230] [settingssync] [info] Snippets: No changes found during synchronizing snippets.
[2022-03-27 21:24:55.235] [settingssync] [info] Tasks: No changes found during synchronizing tasks.
[2022-03-27 21:24:55.241] [settingssync] [info] GlobalState: No changes found during synchronizing ui state.
[2022-03-27 21:24:55.282] [settingssync] [info] Extensions: No changes found during synchronizing extensions.
[2022-03-27 21:24:55.283] [settingssync] [info] Sync done. Took 101ms
[2022-03-27 21:25:12.988] [settingssync] [info] Auto Sync: Triggered by Activity
[2022-03-27 21:25:14.763] [settingssync] [info] Settings: No changes found during synchronizing settings.
[2022-03-27 21:25:14.777] [settingssync] [info] Keybindings: No changes found during synchronizing keybindings.
[2022-03-27 21:25:14.791] [settingssync] [info] Snippets: No changes found during synchronizing snippets.
[2022-03-27 21:25:14.800] [settingssync] [info] Tasks: No changes found during synchronizing tasks.
[2022-03-27 21:25:14.806] [settingssync] [info] GlobalState: No changes found during synchronizing ui state.
[2022-03-27 21:25:14.847] [settingssync] [info] Extensions: No changes found during synchronizing extensions.
[2022-03-27 21:25:14.848] [settingssync] [info] Sync done. Took 103ms
[2022-03-27 21:25:27.889] [settingssync] [info] Auto Sync: Triggered by Activity
[2022-03-27 21:25:28.096] [settingssync] [info] Settings: No changes found during synchronizing settings.
[2022-03-27 21:25:28.103] [settingssync] [info] Keybindings: No changes found during synchronizing keybindings.
[2022-03-27 21:25:28.111] [settingssync] [info] Snippets: No changes found during synchronizing snippets.
[2022-03-27 21:25:28.116] [settingssync] [info] Tasks: No changes found during synchronizing tasks.
[2022-03-27 21:25:28.121] [settingssync] [info] GlobalState: No changes found during synchronizing ui state.
[2022-03-27 21:25:28.164] [settingssync] [info] Extensions: No changes found during synchronizing extensions.
[2022-03-27 21:25:28.165] [settingssync] [info] Sync done. Took 83ms
[2022-03-27 21:26:12.242] [settingssync] [info] Auto Sync: Triggered by Activity
[2022-03-27 21:26:12.464] [settingssync] [info] Settings: No changes found during synchronizing settings.
[2022-03-27 21:26:12.475] [settingssync] [info] Keybindings: No changes found during synchronizing keybindings.
[2022-03-27 21:26:12.482] [settingssync] [info] Snippets: No changes found during synchronizing snippets.
[2022-03-27 21:26:12.486] [settingssync] [info] Tasks: No changes found during synchronizing tasks.
[2022-03-27 21:26:12.490] [settingssync] [info] GlobalState: No changes found during synchronizing ui state.
[2022-03-27 21:26:12.538] [settingssync] [info] Extensions: No changes found during synchronizing extensions.
[2022-03-27 21:26:12.540] [settingssync] [info] Sync done. Took 107ms
[2022-03-27 21:26:31.803] [settingssync] [info] Auto Sync: Triggered by Activity
[2022-03-27 21:26:32.016] [settingssync] [info] Settings: No changes found during synchronizing settings.
[2022-03-27 21:26:32.029] [settingssync] [info] Keybindings: No changes found during synchronizing keybindings.
[2022-03-27 21:26:32.046] [settingssync] [info] Snippets: No changes found during synchronizing snippets.
[2022-03-27 21:26:32.058] [settingssync] [info] Tasks: No changes found during synchronizing tasks.
[2022-03-27 21:26:32.073] [settingssync] [info] GlobalState: No changes found during synchronizing ui state.
[2022-03-27 21:26:32.145] [settingssync] [info] Extensions: No changes found during synchronizing extensions.
[2022-03-27 21:26:32.146] [settingssync] [info] Sync done. Took 145ms
[2022-03-27 21:26:44.087] [settingssync] [info] Auto Sync: Triggered by Activity
[2022-03-27 21:26:44.298] [settingssync] [info] Settings: No changes found during synchronizing settings.
[2022-03-27 21:26:44.306] [settingssync] [info] Keybindings: No changes found during synchronizing keybindings.
[2022-03-27 21:26:44.313] [settingssync] [info] Snippets: No changes found during synchronizing snippets.
[2022-03-27 21:26:44.318] [settingssync] [info] Tasks: No changes found during synchronizing tasks.
[2022-03-27 21:26:44.325] [settingssync] [info] GlobalState: No changes found during synchronizing ui state.
[2022-03-27 21:26:44.360] [settingssync] [info] Extensions: No changes found during synchronizing extensions.
[2022-03-27 21:26:44.361] [settingssync] [info] Sync done. Took 92ms
[2022-03-27 21:27:59.655] [settingssync] [info] Auto Sync: Triggered by Activity
[2022-03-27 21:27:59.944] [settingssync] [info] Settings: No changes found during synchronizing settings.
[2022-03-27 21:27:59.957] [settingssync] [info] Keybindings: No changes found during synchronizing keybindings.
[2022-03-27 21:27:59.974] [settingssync] [info] Snippets: No changes found during synchronizing snippets.
[2022-03-27 21:27:59.984] [settingssync] [info] Tasks: No changes found during synchronizing tasks.
[2022-03-27 21:27:59.993] [settingssync] [info] GlobalState: No changes found during synchronizing ui state.
[2022-03-27 21:28:00.032] [settingssync] [info] Extensions: No changes found during synchronizing extensions.
[2022-03-27 21:28:00.033] [settingssync] [info] Sync done. Took 101ms
[2022-03-27 21:28:35.879] [settingssync] [info] Auto Sync: Triggered by Activity
[2022-03-27 21:28:36.091] [settingssync] [info] Settings: No changes found during synchronizing settings.
[2022-03-27 21:28:36.105] [settingssync] [info] Keybindings: No changes found during synchronizing keybindings.
[2022-03-27 21:28:36.111] [settingssync] [info] Snippets: No changes found during synchronizing snippets.
[2022-03-27 21:28:36.115] [settingssync] [info] Tasks: No changes found during synchronizing tasks.
[2022-03-27 21:28:36.120] [settingssync] [info] GlobalState: No changes found during synchronizing ui state.
[2022-03-27 21:28:36.156] [settingssync] [info] Extensions: No changes found during synchronizing extensions.
[2022-03-27 21:28:36.157] [settingssync] [info] Sync done. Took 84ms
[2022-03-27 21:29:00.155] [settingssync] [info] Auto Sync: Triggered by Activity
[2022-03-27 21:29:00.846] [settingssync] [info] Settings: No changes found during synchronizing settings.
[2022-03-27 21:29:00.869] [settingssync] [info] Keybindings: No changes found during synchronizing keybindings.
[2022-03-27 21:29:00.896] [settingssync] [info] Snippets: No changes found during synchronizing snippets.
[2022-03-27 21:29:00.912] [settingssync] [info] Tasks: No changes found during synchronizing tasks.
[2022-03-27 21:29:00.934] [settingssync] [info] GlobalState: No changes found during synchronizing ui state.
[2022-03-27 21:29:01.083] [settingssync] [info] Extensions: No changes found during synchronizing extensions.
[2022-03-27 21:29:01.084] [settingssync] [info] Sync done. Took 281ms
[2022-03-27 21:29:51.554] [settingssync] [info] Auto Sync: Triggered by Activity
[2022-03-27 21:29:51.753] [settingssync] [info] Settings: No changes found during synchronizing settings.
[2022-03-27 21:29:51.765] [settingssync] [info] Keybindings: No changes found during synchronizing keybindings.
[2022-03-27 21:29:51.781] [settingssync] [info] Snippets: No changes found during synchronizing snippets.
[2022-03-27 21:29:51.792] [settingssync] [info] Tasks: No changes found during synchronizing tasks.
[2022-03-27 21:29:51.807] [settingssync] [info] GlobalState: No changes found during synchronizing ui state.
[2022-03-27 21:29:51.860] [settingssync] [info] Extensions: No changes found during synchronizing extensions.
[2022-03-27 21:29:51.861] [settingssync] [info] Sync done. Took 124ms
[2022-03-27 21:30:26.201] [settingssync] [info] Auto Sync: Triggered by Activity
[2022-03-27 21:30:26.406] [settingssync] [info] Settings: No changes found during synchronizing settings.
[2022-03-27 21:30:26.419] [settingssync] [info] Keybindings: No changes found during synchronizing keybindings.
[2022-03-27 21:30:26.436] [settingssync] [info] Snippets: No changes found during synchronizing snippets.
[2022-03-27 21:30:26.448] [settingssync] [info] Tasks: No changes found during synchronizing tasks.
[2022-03-27 21:30:26.465] [settingssync] [info] GlobalState: No changes found during synchronizing ui state.
[2022-03-27 21:30:26.512] [settingssync] [info] Extensions: No changes found during synchronizing extensions.
[2022-03-27 21:30:26.513] [settingssync] [info] Sync done. Took 121ms
[2022-03-27 21:32:03.611] [settingssync] [info] Auto Sync: Triggered by Activity
[2022-03-27 21:32:03.814] [settingssync] [info] Settings: No changes found during synchronizing settings.
[2022-03-27 21:32:03.826] [settingssync] [info] Keybindings: No changes found during synchronizing keybindings.
[2022-03-27 21:32:03.839] [settingssync] [info] Snippets: No changes found during synchronizing snippets.
[2022-03-27 21:32:03.845] [settingssync] [info] Tasks: No changes found during synchronizing tasks.
[2022-03-27 21:32:03.851] [settingssync] [info] GlobalState: No changes found during synchronizing ui state.
[2022-03-27 21:32:03.898] [settingssync] [info] Extensions: No changes found during synchronizing extensions.
[2022-03-27 21:32:03.899] [settingssync] [info] Sync done. Took 101ms
[2022-03-27 21:32:19.972] [settingssync] [info] Auto Sync: Triggered by Activity
[2022-03-27 21:32:20.192] [settingssync] [info] Settings: No changes found during synchronizing settings.
[2022-03-27 21:32:20.198] [settingssync] [info] Keybindings: No changes found during synchronizing keybindings.
[2022-03-27 21:32:20.204] [settingssync] [info] Snippets: No changes found during synchronizing snippets.
[2022-03-27 21:32:20.208] [settingssync] [info] Tasks: No changes found during synchronizing tasks.
[2022-03-27 21:32:20.213] [settingssync] [info] GlobalState: No changes found during synchronizing ui state.
[2022-03-27 21:32:20.253] [settingssync] [info] Extensions: No changes found during synchronizing extensions.
[2022-03-27 21:32:20.254] [settingssync] [info] Sync done. Took 96ms
[2022-03-27 21:33:48.116] [settingssync] [info] Auto Sync: Triggered by Activity
[2022-03-27 21:33:48.327] [settingssync] [info] Settings: No changes found during synchronizing settings.
[2022-03-27 21:33:48.339] [settingssync] [info] Keybindings: No changes found during synchronizing keybindings.
[2022-03-27 21:33:48.357] [settingssync] [info] Snippets: No changes found during synchronizing snippets.
[2022-03-27 21:33:48.368] [settingssync] [info] Tasks: No changes found during synchronizing tasks.
[2022-03-27 21:33:48.375] [settingssync] [info] GlobalState: No changes found during synchronizing ui state.
[2022-03-27 21:33:48.416] [settingssync] [info] Extensions: No changes found during synchronizing extensions.
[2022-03-27 21:33:48.417] [settingssync] [info] Sync done. Took 104ms
[2022-03-27 21:34:07.006] [settingssync] [info] Auto Sync: Triggered by Activity
[2022-03-27 21:34:07.210] [settingssync] [info] Settings: No changes found during synchronizing settings.
[2022-03-27 21:34:07.219] [settingssync] [info] Keybindings: No changes found during synchronizing keybindings.
[2022-03-27 21:34:07.231] [settingssync] [info] Snippets: No changes found during synchronizing snippets.
[2022-03-27 21:34:07.240] [settingssync] [info] Tasks: No changes found during synchronizing tasks.
[2022-03-27 21:34:07.252] [settingssync] [info] GlobalState: No changes found during synchronizing ui state.
[2022-03-27 21:34:07.306] [settingssync] [info] Extensions: No changes found during synchronizing extensions.
[2022-03-27 21:34:07.307] [settingssync] [info] Sync done. Took 109ms
[2022-03-27 21:34:35.552] [settingssync] [info] Auto Sync: Triggered by Activity
[2022-03-27 21:34:35.778] [settingssync] [info] Settings: No changes found during synchronizing settings.
[2022-03-27 21:34:35.783] [settingssync] [info] Keybindings: No changes found during synchronizing keybindings.
[2022-03-27 21:34:35.788] [settingssync] [info] Snippets: No changes found during synchronizing snippets.
[2022-03-27 21:34:35.792] [settingssync] [info] Tasks: No changes found during synchronizing tasks.
[2022-03-27 21:34:35.796] [settingssync] [info] GlobalState: No changes found during synchronizing ui state.
[2022-03-27 21:34:35.837] [settingssync] [info] Extensions: No changes found during synchronizing extensions.
[2022-03-27 21:34:35.838] [settingssync] [info] Sync done. Took 72ms
[2022-03-27 21:35:46.362] [settingssync] [info] Auto Sync: Triggered by Activity
[2022-03-27 21:35:46.592] [settingssync] [info] Settings: No changes found during synchronizing settings.
[2022-03-27 21:35:46.599] [settingssync] [info] Keybindings: No changes found during synchronizing keybindings.
[2022-03-27 21:35:46.609] [settingssync] [info] Snippets: No changes found during synchronizing snippets.
[2022-03-27 21:35:46.613] [settingssync] [info] Tasks: No changes found during synchronizing tasks.
[2022-03-27 21:35:46.617] [settingssync] [info] GlobalState: No changes found during synchronizing ui state.
[2022-03-27 21:35:46.653] [settingssync] [info] Extensions: No changes found during synchronizing extensions.
[2022-03-27 21:35:46.654] [settingssync] [info] Sync done. Took 91ms
[2022-03-27 21:40:46.667] [settingssync] [info] Auto Sync: Triggered by Interval
[2022-03-27 21:40:47.197] [settingssync] [info] Settings: No changes found during synchronizing settings.
[2022-03-27 21:40:47.209] [settingssync] [info] Keybindings: No changes found during synchronizing keybindings.
[2022-03-27 21:40:47.224] [settingssync] [info] Snippets: No changes found during synchronizing snippets.
[2022-03-27 21:40:47.237] [settingssync] [info] Tasks: No changes found during synchronizing tasks.
[2022-03-27 21:40:47.250] [settingssync] [info] GlobalState: No changes found during synchronizing ui state.
[2022-03-27 21:40:47.296] [settingssync] [info] Extensions: No changes found during synchronizing extensions.
[2022-03-27 21:40:47.297] [settingssync] [info] Sync done. Took 113ms
[2022-03-27 21:42:15.074] [settingssync] [info] Auto Sync: Triggered by Activity
[2022-03-27 21:42:15.291] [settingssync] [info] Settings: No changes found during synchronizing settings.
[2022-03-27 21:42:15.298] [settingssync] [info] Keybindings: No changes found during synchronizing keybindings.
[2022-03-27 21:42:15.306] [settingssync] [info] Snippets: No changes found during synchronizing snippets.
[2022-03-27 21:42:15.309] [settingssync] [info] Tasks: No changes found during synchronizing tasks.
[2022-03-27 21:42:15.314] [settingssync] [info] GlobalState: No changes found during synchronizing ui state.
[2022-03-27 21:42:15.354] [settingssync] [info] Extensions: No changes found during synchronizing extensions.
[2022-03-27 21:42:15.355] [settingssync] [info] Sync done. Took 95ms
[2022-03-27 21:43:10.037] [settingssync] [info] Auto Sync: Triggered by Activity
[2022-03-27 21:43:10.353] [settingssync] [info] Settings: No changes found during synchronizing settings.
[2022-03-27 21:43:10.358] [settingssync] [info] Keybindings: No changes found during synchronizing keybindings.
[2022-03-27 21:43:10.362] [settingssync] [info] Snippets: No changes found during synchronizing snippets.
[2022-03-27 21:43:10.364] [settingssync] [info] Tasks: No changes found during synchronizing tasks.
[2022-03-27 21:43:10.368] [settingssync] [info] GlobalState: No changes found during synchronizing ui state.
[2022-03-27 21:43:10.403] [settingssync] [info] Extensions: No changes found during synchronizing extensions.
[2022-03-27 21:43:10.404] [settingssync] [info] Sync done. Took 57ms
[2022-03-27 21:44:24.173] [settingssync] [info] Auto Sync: Triggered by Activity
[2022-03-27 21:44:24.466] [settingssync] [info] Settings: No changes found during synchronizing settings.
[2022-03-27 21:44:24.482] [settingssync] [info] Keybindings: No changes found during synchronizing keybindings.
[2022-03-27 21:44:24.506] [settingssync] [info] Snippets: No changes found during synchronizing snippets.
[2022-03-27 21:44:24.521] [settingssync] [info] Tasks: No changes found during synchronizing tasks.
[2022-03-27 21:44:24.542] [settingssync] [info] GlobalState: No changes found during synchronizing ui state.
[2022-03-27 21:44:24.608] [settingssync] [info] Extensions: No changes found during synchronizing extensions.
[2022-03-27 21:44:24.611] [settingssync] [info] Sync done. Took 163ms
[2022-03-27 21:44:37.776] [settingssync] [info] Auto Sync: Triggered by Activity
[2022-03-27 21:44:38.133] [settingssync] [info] Settings: No changes found during synchronizing settings.
[2022-03-27 21:44:38.139] [settingssync] [info] Keybindings: No changes found during synchronizing keybindings.
[2022-03-27 21:44:38.143] [settingssync] [info] Snippets: No changes found during synchronizing snippets.
[2022-03-27 21:44:38.147] [settingssync] [info] Tasks: No changes found during synchronizing tasks.
[2022-03-27 21:44:38.151] [settingssync] [info] GlobalState: No changes found during synchronizing ui state.
[2022-03-27 21:44:38.200] [settingssync] [info] Extensions: No changes found during synchronizing extensions.
[2022-03-27 21:44:38.201] [settingssync] [info] Sync done. Took 105ms
[2022-03-27 21:44:51.613] [settingssync] [info] Auto Sync: Triggered by Activity
[2022-03-27 21:44:52.098] [settingssync] [info] Settings: No changes found during synchronizing settings.
[2022-03-27 21:44:52.108] [settingssync] [info] Keybindings: No changes found during synchronizing keybindings.
[2022-03-27 21:44:52.120] [settingssync] [info] Snippets: No changes found during synchronizing snippets.
[2022-03-27 21:44:52.125] [settingssync] [info] Tasks: No changes found during synchronizing tasks.
[2022-03-27 21:44:52.133] [settingssync] [info] GlobalState: No changes found during synchronizing ui state.
[2022-03-27 21:44:52.174] [settingssync] [info] Extensions: No changes found during synchronizing extensions.
[2022-03-27 21:44:52.174] [settingssync] [info] Sync done. Took 96ms
[2022-03-27 21:49:52.177] [settingssync] [info] Auto Sync: Triggered by Interval
[2022-03-27 21:49:52.677] [settingssync] [info] Settings: No changes found during synchronizing settings.
[2022-03-27 21:49:52.689] [settingssync] [info] Keybindings: No changes found during synchronizing keybindings.
[2022-03-27 21:49:52.706] [settingssync] [info] Snippets: No changes found during synchronizing snippets.
[2022-03-27 21:49:52.716] [settingssync] [info] Tasks: No changes found during synchronizing tasks.
[2022-03-27 21:49:52.725] [settingssync] [info] GlobalState: No changes found during synchronizing ui state.
[2022-03-27 21:49:52.764] [settingssync] [info] Extensions: No changes found during synchronizing extensions.
[2022-03-27 21:49:52.764] [settingssync] [info] Sync done. Took 100ms
[2022-03-27 21:50:16.471] [settingssync] [info] Auto Sync: Triggered by Activity
[2022-03-27 21:50:18.090] [settingssync] [info] Settings: No changes found during synchronizing settings.
[2022-03-27 21:50:18.110] [settingssync] [info] Keybindings: No changes found during synchronizing keybindings.
[2022-03-27 21:50:18.124] [settingssync] [info] Snippets: No changes found during synchronizing snippets.
[2022-03-27 21:50:18.131] [settingssync] [info] Tasks: No changes found during synchronizing tasks.
[2022-03-27 21:50:18.137] [settingssync] [info] GlobalState: No changes found during synchronizing ui state.
[2022-03-27 21:50:18.172] [settingssync] [info] Extensions: No changes found during synchronizing extensions.
[2022-03-27 21:50:18.173] [settingssync] [info] Sync done. Took 95ms
[2022-03-27 21:52:59.676] [settingssync] [info] Auto Sync: Triggered by Activity
[2022-03-27 21:53:00.284] [settingssync] [info] Settings: No changes found during synchronizing settings.
[2022-03-27 21:53:00.291] [settingssync] [info] Keybindings: No changes found during synchronizing keybindings.
[2022-03-27 21:53:00.295] [settingssync] [info] Snippets: No changes found during synchronizing snippets.
[2022-03-27 21:53:00.298] [settingssync] [info] Tasks: No changes found during synchronizing tasks.
[2022-03-27 21:53:00.305] [settingssync] [info] GlobalState: No changes found during synchronizing ui state.
[2022-03-27 21:53:00.348] [settingssync] [info] Extensions: No changes found during synchronizing extensions.
[2022-03-27 21:53:00.349] [settingssync] [info] Sync done. Took 81ms
[2022-03-27 21:53:15.748] [settingssync] [info] Auto Sync: Triggered by Activity
[2022-03-27 21:53:15.951] [settingssync] [info] Settings: No changes found during synchronizing settings.
[2022-03-27 21:53:15.963] [settingssync] [info] Keybindings: No changes found during synchronizing keybindings.
[2022-03-27 21:53:15.973] [settingssync] [info] Snippets: No changes found during synchronizing snippets.
[2022-03-27 21:53:15.978] [settingssync] [info] Tasks: No changes found during synchronizing tasks.
[2022-03-27 21:53:15.984] [settingssync] [info] GlobalState: No changes found during synchronizing ui state.
[2022-03-27 21:53:16.019] [settingssync] [info] Extensions: No changes found during synchronizing extensions.
[2022-03-27 21:53:16.020] [settingssync] [info] Sync done. Took 90ms
[2022-03-27 21:53:50.334] [settingssync] [info] Auto Sync: Triggered by Activity
[2022-03-27 21:53:50.524] [settingssync] [info] Settings: No changes found during synchronizing settings.
[2022-03-27 21:53:50.538] [settingssync] [info] Keybindings: No changes found during synchronizing keybindings.
[2022-03-27 21:53:50.556] [settingssync] [info] Snippets: No changes found during synchronizing snippets.
[2022-03-27 21:53:50.569] [settingssync] [info] Tasks: No changes found during synchronizing tasks.
[2022-03-27 21:53:50.578] [settingssync] [info] GlobalState: No changes found during synchronizing ui state.
[2022-03-27 21:53:50.629] [settingssync] [info] Extensions: No changes found during synchronizing extensions.
[2022-03-27 21:53:50.630] [settingssync] [info] Sync done. Took 119ms
[2022-03-27 21:54:38.844] [settingssync] [info] Auto Sync: Triggered by Activity
[2022-03-27 21:54:39.025] [settingssync] [info] Settings: No changes found during synchronizing settings.
[2022-03-27 21:54:39.028] [settingssync] [info] Keybindings: No changes found during synchronizing keybindings.
[2022-03-27 21:54:39.032] [settingssync] [info] Snippets: No changes found during synchronizing snippets.
[2022-03-27 21:54:39.037] [settingssync] [info] Tasks: No changes found during synchronizing tasks.
[2022-03-27 21:54:39.040] [settingssync] [info] GlobalState: No changes found during synchronizing ui state.
[2022-03-27 21:54:39.080] [settingssync] [info] Extensions: No changes found during synchronizing extensions.
[2022-03-27 21:54:39.080] [settingssync] [info] Sync done. Took 67ms
[2022-03-27 21:55:50.103] [settingssync] [info] Auto Sync: Triggered by Activity
[2022-03-27 21:55:50.312] [settingssync] [info] Settings: No changes found during synchronizing settings.
[2022-03-27 21:55:50.335] [settingssync] [info] Keybindings: No changes found during synchronizing keybindings.
[2022-03-27 21:55:50.343] [settingssync] [info] Snippets: No changes found during synchronizing snippets.
[2022-03-27 21:55:50.347] [settingssync] [info] Tasks: No changes found during synchronizing tasks.
[2022-03-27 21:55:50.353] [settingssync] [info] GlobalState: No changes found during synchronizing ui state.
[2022-03-27 21:55:50.390] [settingssync] [info] Extensions: No changes found during synchronizing extensions.
[2022-03-27 21:55:50.391] [settingssync] [info] Sync done. Took 95ms
[2022-03-27 21:56:32.466] [settingssync] [info] Auto Sync: Triggered by Activity
[2022-03-27 21:56:32.680] [settingssync] [info] Settings: No changes found during synchronizing settings.
[2022-03-27 21:56:32.693] [settingssync] [info] Keybindings: No changes found during synchronizing keybindings.
[2022-03-27 21:56:32.710] [settingssync] [info] Snippets: No changes found during synchronizing snippets.
[2022-03-27 21:56:32.714] [settingssync] [info] Tasks: No changes found during synchronizing tasks.
[2022-03-27 21:56:32.717] [settingssync] [info] GlobalState: No changes found during synchronizing ui state.
[2022-03-27 21:56:32.750] [settingssync] [info] Extensions: No changes found during synchronizing extensions.
[2022-03-27 21:56:32.750] [settingssync] [info] Sync done. Took 84ms
[2022-03-27 21:57:42.768] [settingssync] [info] Auto Sync: Triggered by Activity
[2022-03-27 21:57:42.972] [settingssync] [info] Settings: No changes found during synchronizing settings.
[2022-03-27 21:57:42.981] [settingssync] [info] Keybindings: No changes found during synchronizing keybindings.
[2022-03-27 21:57:42.989] [settingssync] [info] Snippets: No changes found during synchronizing snippets.
[2022-03-27 21:57:42.993] [settingssync] [info] Tasks: No changes found during synchronizing tasks.
[2022-03-27 21:57:42.997] [settingssync] [info] GlobalState: No changes found during synchronizing ui state.
[2022-03-27 21:57:43.041] [settingssync] [info] Extensions: No changes found during synchronizing extensions.
[2022-03-27 21:57:43.042] [settingssync] [info] Sync done. Took 95ms
[2022-03-27 22:02:43.045] [settingssync] [info] Auto Sync: Triggered by Interval
[2022-03-27 22:02:43.700] [settingssync] [info] Settings: No changes found during synchronizing settings.
[2022-03-27 22:02:43.705] [settingssync] [info] Keybindings: No changes found during synchronizing keybindings.
[2022-03-27 22:02:43.711] [settingssync] [info] Snippets: No changes found during synchronizing snippets.
[2022-03-27 22:02:43.715] [settingssync] [info] Tasks: No changes found during synchronizing tasks.
[2022-03-27 22:02:43.721] [settingssync] [info] GlobalState: No changes found during synchronizing ui state.
[2022-03-27 22:02:43.758] [settingssync] [info] Extensions: No changes found during synchronizing extensions.
[2022-03-27 22:02:43.759] [settingssync] [info] Sync done. Took 88ms
[2022-03-27 22:07:25.893] [settingssync] [info] Auto Sync: Triggered by Activity
[2022-03-27 22:07:26.353] [settingssync] [info] Settings: No changes found during synchronizing settings.
[2022-03-27 22:07:26.365] [settingssync] [info] Keybindings: No changes found during synchronizing keybindings.
[2022-03-27 22:07:26.381] [settingssync] [info] Snippets: No changes found during synchronizing snippets.
[2022-03-27 22:07:26.393] [settingssync] [info] Tasks: No changes found during synchronizing tasks.
[2022-03-27 22:07:26.407] [settingssync] [info] GlobalState: No changes found during synchronizing ui state.
[2022-03-27 22:07:26.460] [settingssync] [info] Extensions: No changes found during synchronizing extensions.
[2022-03-27 22:07:26.461] [settingssync] [info] Sync done. Took 121ms
[2022-03-27 22:12:26.463] [settingssync] [info] Auto Sync: Triggered by Interval
[2022-03-27 22:12:27.021] [settingssync] [info] Settings: No changes found during synchronizing settings.
[2022-03-27 22:12:27.034] [settingssync] [info] Keybindings: No changes found during synchronizing keybindings.
[2022-03-27 22:12:27.051] [settingssync] [info] Snippets: No changes found during synchronizing snippets.
[2022-03-27 22:12:27.063] [settingssync] [info] Tasks: No changes found during synchronizing tasks.
[2022-03-27 22:12:27.071] [settingssync] [info] GlobalState: No changes found during synchronizing ui state.
[2022-03-27 22:12:27.109] [settingssync] [info] Extensions: No changes found during synchronizing extensions.
[2022-03-27 22:12:27.110] [settingssync] [info] Sync done. Took 104ms
[2022-03-27 22:17:27.113] [settingssync] [info] Auto Sync: Triggered by Interval
[2022-03-27 22:17:27.570] [settingssync] [info] Settings: No changes found during synchronizing settings.
[2022-03-27 22:17:27.582] [settingssync] [info] Keybindings: No changes found during synchronizing keybindings.
[2022-03-27 22:17:27.594] [settingssync] [info] Snippets: No changes found during synchronizing snippets.
[2022-03-27 22:17:27.602] [settingssync] [info] Tasks: No changes found during synchronizing tasks.
[2022-03-27 22:17:27.608] [settingssync] [info] GlobalState: No changes found during synchronizing ui state.
[2022-03-27 22:17:27.647] [settingssync] [info] Extensions: No changes found during synchronizing extensions.
[2022-03-27 22:17:27.648] [settingssync] [info] Sync done. Took 91ms
[2022-03-27 22:18:15.073] [settingssync] [info] Auto Sync: Triggered by Activity
[2022-03-27 22:18:15.268] [settingssync] [info] Settings: No changes found during synchronizing settings.
[2022-03-27 22:18:15.272] [settingssync] [info] Keybindings: No changes found during synchronizing keybindings.
[2022-03-27 22:18:15.275] [settingssync] [info] Snippets: No changes found during synchronizing snippets.
[2022-03-27 22:18:15.278] [settingssync] [info] Tasks: No changes found during synchronizing tasks.
[2022-03-27 22:18:15.282] [settingssync] [info] GlobalState: No changes found during synchronizing ui state.
[2022-03-27 22:18:15.316] [settingssync] [info] Extensions: No changes found during synchronizing extensions.
[2022-03-27 22:18:15.317] [settingssync] [info] Sync done. Took 63ms
[2022-03-27 22:19:12.060] [settingssync] [info] Auto Sync: Triggered by Activity
[2022-03-27 22:19:12.276] [settingssync] [info] Settings: No changes found during synchronizing settings.
[2022-03-27 22:19:12.287] [settingssync] [info] Keybindings: No changes found during synchronizing keybindings.
[2022-03-27 22:19:12.299] [settingssync] [info] Snippets: No changes found during synchronizing snippets.
[2022-03-27 22:19:12.305] [settingssync] [info] Tasks: No changes found during synchronizing tasks.
[2022-03-27 22:19:12.309] [settingssync] [info] GlobalState: No changes found during synchronizing ui state.
[2022-03-27 22:19:12.341] [settingssync] [info] Extensions: No changes found during synchronizing extensions.
[2022-03-27 22:19:12.342] [settingssync] [info] Sync done. Took 82ms
[2022-03-27 22:19:42.271] [settingssync] [info] Auto Sync: Triggered by Activity
[2022-03-27 22:19:42.478] [settingssync] [info] Settings: No changes found during synchronizing settings.
[2022-03-27 22:19:42.491] [settingssync] [info] Keybindings: No changes found during synchronizing keybindings.
[2022-03-27 22:19:42.505] [settingssync] [info] Snippets: No changes found during synchronizing snippets.
[2022-03-27 22:19:42.511] [settingssync] [info] Tasks: No changes found during synchronizing tasks.
[2022-03-27 22:19:42.518] [settingssync] [info] GlobalState: No changes found during synchronizing ui state.
[2022-03-27 22:19:42.573] [settingssync] [info] Extensions: No changes found during synchronizing extensions.
[2022-03-27 22:19:42.574] [settingssync] [info] Sync done. Took 109ms
[2022-03-27 22:24:42.577] [settingssync] [info] Auto Sync: Triggered by Interval
[2022-03-27 22:24:43.469] [settingssync] [info] Settings: No changes found during synchronizing settings.
[2022-03-27 22:24:43.477] [settingssync] [info] Keybindings: No changes found during synchronizing keybindings.
[2022-03-27 22:24:43.486] [settingssync] [info] Snippets: No changes found during synchronizing snippets.
[2022-03-27 22:24:43.493] [settingssync] [info] Tasks: No changes found during synchronizing tasks.
[2022-03-27 22:24:43.501] [settingssync] [info] GlobalState: No changes found during synchronizing ui state.
[2022-03-27 22:24:43.538] [settingssync] [info] Extensions: No changes found during synchronizing extensions.
[2022-03-27 22:24:43.539] [settingssync] [info] Sync done. Took 102ms
[2022-03-27 22:27:12.910] [settingssync] [info] Auto Sync: Triggered by Activity
[2022-03-27 22:27:13.745] [settingssync] [info] Settings: No changes found during synchronizing settings.
[2022-03-27 22:27:13.757] [settingssync] [info] Keybindings: No changes found during synchronizing keybindings.
[2022-03-27 22:27:13.773] [settingssync] [info] Snippets: No changes found during synchronizing snippets.
[2022-03-27 22:27:13.784] [settingssync] [info] Tasks: No changes found during synchronizing tasks.
[2022-03-27 22:27:13.793] [settingssync] [info] GlobalState: No changes found during synchronizing ui state.
[2022-03-27 22:27:13.836] [settingssync] [info] Extensions: No changes found during synchronizing extensions.
[2022-03-27 22:27:13.837] [settingssync] [info] Sync done. Took 106ms
[2022-03-27 22:27:36.443] [settingssync] [info] Auto Sync: Triggered by Activity
[2022-03-27 22:27:37.958] [settingssync] [info] Settings: No changes found during synchronizing settings.
[2022-03-27 22:27:37.967] [settingssync] [info] Keybindings: No changes found during synchronizing keybindings.
[2022-03-27 22:27:37.975] [settingssync] [info] Snippets: No changes found during synchronizing snippets.
[2022-03-27 22:27:37.979] [settingssync] [info] Tasks: No changes found during synchronizing tasks.
[2022-03-27 22:27:37.985] [settingssync] [info] GlobalState: No changes found during synchronizing ui state.
[2022-03-27 22:27:38.021] [settingssync] [info] Extensions: No changes found during synchronizing extensions.
[2022-03-27 22:27:38.022] [settingssync] [info] Sync done. Took 83ms
[2022-03-27 22:28:29.576] [settingssync] [info] Auto Sync: Triggered by Activity
[2022-03-27 22:28:29.776] [settingssync] [info] Settings: No changes found during synchronizing settings.
[2022-03-27 22:28:29.789] [settingssync] [info] Keybindings: No changes found during synchronizing keybindings.
[2022-03-27 22:28:29.803] [settingssync] [info] Snippets: No changes found during synchronizing snippets.
[2022-03-27 22:28:29.809] [settingssync] [info] Tasks: No changes found during synchronizing tasks.
[2022-03-27 22:28:29.816] [settingssync] [info] GlobalState: No changes found during synchronizing ui state.
[2022-03-27 22:28:29.857] [settingssync] [info] Extensions: No changes found during synchronizing extensions.
[2022-03-27 22:28:29.858] [settingssync] [info] Sync done. Took 95ms
[2022-03-27 22:29:05.611] [settingssync] [info] Auto Sync: Triggered by Activity
[2022-03-27 22:29:05.830] [settingssync] [info] Settings: No changes found during synchronizing settings.
[2022-03-27 22:29:05.838] [settingssync] [info] Keybindings: No changes found during synchronizing keybindings.
[2022-03-27 22:29:05.845] [settingssync] [info] Snippets: No changes found during synchronizing snippets.
[2022-03-27 22:29:05.849] [settingssync] [info] Tasks: No changes found during synchronizing tasks.
[2022-03-27 22:29:05.855] [settingssync] [info] GlobalState: No changes found during synchronizing ui state.
[2022-03-27 22:29:05.896] [settingssync] [info] Extensions: No changes found during synchronizing extensions.
[2022-03-27 22:29:05.897] [settingssync] [info] Sync done. Took 103ms
[2022-03-27 22:32:08.447] [settingssync] [info] Auto Sync: Triggered by Activity
[2022-03-27 22:32:18.645] [settingssync] [info] Request failed https://vscode-sync.trafficmanager.net/v1/manifest
[2022-03-27 22:32:18.645] [settingssync] [error] RequestFailed (UserDataSyncError) syncResource:unknown operationId:unknown: Connection refused for the request 'https://vscode-sync.trafficmanager.net/v1/manifest'.
    at g.request (vscode-file://vscode-app/usr/share/code/resources/app/out/vs/code/electron-browser/sharedProcess/sharedProcessMain.js:76:195637)
    at async g.manifest (vscode-file://vscode-app/usr/share/code/resources/app/out/vs/code/electron-browser/sharedProcess/sharedProcessMain.js:76:193365)
    at async createSyncTask (vscode-file://vscode-app/usr/share/code/resources/app/out/vs/code/electron-browser/sharedProcess/sharedProcessMain.js:76:160623)
    at async c.doSync (vscode-file://vscode-app/usr/share/code/resources/app/out/vs/code/electron-browser/sharedProcess/sharedProcessMain.js:76:157116)
[2022-03-27 22:32:18.646] [settingssync] [error] RequestFailed (UserDataSyncError) syncResource:unknown operationId:unknown: Connection refused for the request 'https://vscode-sync.trafficmanager.net/v1/manifest'.
    at g.request (vscode-file://vscode-app/usr/share/code/resources/app/out/vs/code/electron-browser/sharedProcess/sharedProcessMain.js:76:195637)
    at async g.manifest (vscode-file://vscode-app/usr/share/code/resources/app/out/vs/code/electron-browser/sharedProcess/sharedProcessMain.js:76:193365)
    at async createSyncTask (vscode-file://vscode-app/usr/share/code/resources/app/out/vs/code/electron-browser/sharedProcess/sharedProcessMain.js:76:160623)
    at async c.doSync (vscode-file://vscode-app/usr/share/code/resources/app/out/vs/code/electron-browser/sharedProcess/sharedProcessMain.js:76:157116)
[2022-03-27 22:37:18.646] [settingssync] [info] Auto Sync: Triggered by Interval
[2022-03-27 22:37:19.348] [settingssync] [info] Settings: No changes found during synchronizing settings.
[2022-03-27 22:37:19.352] [settingssync] [info] Keybindings: No changes found during synchronizing keybindings.
[2022-03-27 22:37:19.356] [settingssync] [info] Snippets: No changes found during synchronizing snippets.
[2022-03-27 22:37:19.359] [settingssync] [info] Tasks: No changes found during synchronizing tasks.
[2022-03-27 22:37:19.363] [settingssync] [info] GlobalState: No changes found during synchronizing ui state.
[2022-03-27 22:37:19.396] [settingssync] [info] Extensions: No changes found during synchronizing extensions.
[2022-03-27 22:37:19.397] [settingssync] [info] Sync done. Took 61ms
[2022-03-27 22:38:27.000] [settingssync] [info] Auto Sync: Triggered by Activity
[2022-03-27 22:38:27.201] [settingssync] [info] Settings: No changes found during synchronizing settings.
[2022-03-27 22:38:27.214] [settingssync] [info] Keybindings: No changes found during synchronizing keybindings.
[2022-03-27 22:38:27.232] [settingssync] [info] Snippets: No changes found during synchronizing snippets.
[2022-03-27 22:38:27.241] [settingssync] [info] Tasks: No changes found during synchronizing tasks.
[2022-03-27 22:38:27.250] [settingssync] [info] GlobalState: No changes found during synchronizing ui state.
[2022-03-27 22:38:27.290] [settingssync] [info] Extensions: No changes found during synchronizing extensions.
[2022-03-27 22:38:27.290] [settingssync] [info] Sync done. Took 103ms
[2022-03-27 22:40:48.143] [settingssync] [info] Auto Sync: Triggered by Activity
[2022-03-27 22:40:48.859] [settingssync] [info] Settings: No changes found during synchronizing settings.
[2022-03-27 22:40:48.864] [settingssync] [info] Keybindings: No changes found during synchronizing keybindings.
[2022-03-27 22:40:48.870] [settingssync] [info] Snippets: No changes found during synchronizing snippets.
[2022-03-27 22:40:48.873] [settingssync] [info] Tasks: No changes found during synchronizing tasks.
[2022-03-27 22:40:48.876] [settingssync] [info] GlobalState: No changes found during synchronizing ui state.
[2022-03-27 22:40:48.915] [settingssync] [info] Extensions: No changes found during synchronizing extensions.
[2022-03-27 22:40:48.915] [settingssync] [info] Sync done. Took 70ms
[2022-03-27 22:41:50.133] [settingssync] [info] Auto Sync: Triggered by Activity
[2022-03-27 22:41:50.332] [settingssync] [info] Settings: No changes found during synchronizing settings.
[2022-03-27 22:41:50.340] [settingssync] [info] Keybindings: No changes found during synchronizing keybindings.
[2022-03-27 22:41:50.351] [settingssync] [info] Snippets: No changes found during synchronizing snippets.
[2022-03-27 22:41:50.357] [settingssync] [info] Tasks: No changes found during synchronizing tasks.
[2022-03-27 22:41:50.364] [settingssync] [info] GlobalState: No changes found during synchronizing ui state.
[2022-03-27 22:41:50.405] [settingssync] [info] Extensions: No changes found during synchronizing extensions.
[2022-03-27 22:41:50.406] [settingssync] [info] Sync done. Took 98ms
[2022-03-27 22:43:45.248] [settingssync] [info] Auto Sync: Triggered by Activity
[2022-03-27 22:43:45.586] [settingssync] [info] Settings: No changes found during synchronizing settings.
[2022-03-27 22:43:45.604] [settingssync] [info] Keybindings: No changes found during synchronizing keybindings.
[2022-03-27 22:43:45.620] [settingssync] [info] Snippets: No changes found during synchronizing snippets.
[2022-03-27 22:43:45.632] [settingssync] [info] Tasks: No changes found during synchronizing tasks.
[2022-03-27 22:43:45.645] [settingssync] [info] GlobalState: No changes found during synchronizing ui state.
[2022-03-27 22:43:45.686] [settingssync] [info] Extensions: No changes found during synchronizing extensions.
[2022-03-27 22:43:45.687] [settingssync] [info] Sync done. Took 116ms
[2022-03-27 22:44:52.492] [settingssync] [info] Auto Sync: Triggered by Activity
[2022-03-27 22:44:52.694] [settingssync] [info] Settings: No changes found during synchronizing settings.
[2022-03-27 22:44:52.729] [settingssync] [info] Keybindings: No changes found during synchronizing keybindings.
[2022-03-27 22:44:52.737] [settingssync] [info] Snippets: No changes found during synchronizing snippets.
[2022-03-27 22:44:52.742] [settingssync] [info] Tasks: No changes found during synchronizing tasks.
[2022-03-27 22:44:52.749] [settingssync] [info] GlobalState: No changes found during synchronizing ui state.
[2022-03-27 22:44:52.791] [settingssync] [info] Extensions: No changes found during synchronizing extensions.
[2022-03-27 22:44:52.792] [settingssync] [info] Sync done. Took 110ms
[2022-03-27 22:45:45.983] [settingssync] [info] Auto Sync: Triggered by Activity
[2022-03-27 22:45:46.183] [settingssync] [info] Settings: No changes found during synchronizing settings.
[2022-03-27 22:45:46.188] [settingssync] [info] Keybindings: No changes found during synchronizing keybindings.
[2022-03-27 22:45:46.193] [settingssync] [info] Snippets: No changes found during synchronizing snippets.
[2022-03-27 22:45:46.196] [settingssync] [info] Tasks: No changes found during synchronizing tasks.
[2022-03-27 22:45:46.200] [settingssync] [info] GlobalState: No changes found during synchronizing ui state.
[2022-03-27 22:45:46.234] [settingssync] [info] Extensions: No changes found during synchronizing extensions.
[2022-03-27 22:45:46.235] [settingssync] [info] Sync done. Took 82ms
[2022-03-27 22:47:36.931] [settingssync] [info] Auto Sync: Triggered by Activity
[2022-03-27 22:47:37.120] [settingssync] [info] Settings: No changes found during synchronizing settings.
[2022-03-27 22:47:37.132] [settingssync] [info] Keybindings: No changes found during synchronizing keybindings.
[2022-03-27 22:47:37.147] [settingssync] [info] Snippets: No changes found during synchronizing snippets.
[2022-03-27 22:47:37.159] [settingssync] [info] Tasks: No changes found during synchronizing tasks.
[2022-03-27 22:47:37.174] [settingssync] [info] GlobalState: No changes found during synchronizing ui state.
[2022-03-27 22:47:37.229] [settingssync] [info] Extensions: No changes found during synchronizing extensions.
[2022-03-27 22:47:37.230] [settingssync] [info] Sync done. Took 125ms
[2022-03-27 22:47:57.495] [settingssync] [info] Auto Sync: Triggered by Activity
[2022-03-27 22:47:57.683] [settingssync] [info] Settings: No changes found during synchronizing settings.
[2022-03-27 22:47:57.687] [settingssync] [info] Keybindings: No changes found during synchronizing keybindings.
[2022-03-27 22:47:57.693] [settingssync] [info] Snippets: No changes found during synchronizing snippets.
[2022-03-27 22:47:57.697] [settingssync] [info] Tasks: No changes found during synchronizing tasks.
[2022-03-27 22:47:57.702] [settingssync] [info] GlobalState: No changes found during synchronizing ui state.
[2022-03-27 22:47:57.752] [settingssync] [info] Extensions: No changes found during synchronizing extensions.
[2022-03-27 22:47:57.753] [settingssync] [info] Sync done. Took 74ms
[2022-03-27 22:48:23.749] [settingssync] [info] Auto Sync: Triggered by Activity
[2022-03-27 22:48:23.932] [settingssync] [info] Settings: No changes found during synchronizing settings.
[2022-03-27 22:48:23.935] [settingssync] [info] Keybindings: No changes found during synchronizing keybindings.
[2022-03-27 22:48:23.938] [settingssync] [info] Snippets: No changes found during synchronizing snippets.
[2022-03-27 22:48:23.941] [settingssync] [info] Tasks: No changes found during synchronizing tasks.
[2022-03-27 22:48:23.944] [settingssync] [info] GlobalState: No changes found during synchronizing ui state.
[2022-03-27 22:48:23.978] [settingssync] [info] Extensions: No changes found during synchronizing extensions.
[2022-03-27 22:48:23.979] [settingssync] [info] Sync done. Took 55ms
[2022-03-27 22:49:56.544] [settingssync] [info] Auto Sync: Triggered by Activity
[2022-03-27 22:49:56.731] [settingssync] [info] Settings: No changes found during synchronizing settings.
[2022-03-27 22:49:56.746] [settingssync] [info] Keybindings: No changes found during synchronizing keybindings.
[2022-03-27 22:49:56.762] [settingssync] [info] Snippets: No changes found during synchronizing snippets.
[2022-03-27 22:49:56.772] [settingssync] [info] Tasks: No changes found during synchronizing tasks.
[2022-03-27 22:49:56.784] [settingssync] [info] GlobalState: No changes found during synchronizing ui state.
[2022-03-27 22:49:56.832] [settingssync] [info] Extensions: No changes found during synchronizing extensions.
[2022-03-27 22:49:56.833] [settingssync] [info] Sync done. Took 116ms
[2022-03-27 22:54:56.836] [settingssync] [info] Auto Sync: Triggered by Interval
[2022-03-27 22:54:57.559] [settingssync] [info] Settings: No changes found during synchronizing settings.
[2022-03-27 22:54:57.570] [settingssync] [info] Keybindings: No changes found during synchronizing keybindings.
[2022-03-27 22:54:57.583] [settingssync] [info] Snippets: No changes found during synchronizing snippets.
[2022-03-27 22:54:57.589] [settingssync] [info] Tasks: No changes found during synchronizing tasks.
[2022-03-27 22:54:57.596] [settingssync] [info] GlobalState: No changes found during synchronizing ui state.
[2022-03-27 22:54:57.639] [settingssync] [info] Extensions: No changes found during synchronizing extensions.
[2022-03-27 22:54:57.640] [settingssync] [info] Sync done. Took 101ms
[2022-03-27 22:59:57.643] [settingssync] [info] Auto Sync: Triggered by Interval
[2022-03-27 22:59:58.343] [settingssync] [info] Settings: No changes found during synchronizing settings.
[2022-03-27 22:59:58.349] [settingssync] [info] Keybindings: No changes found during synchronizing keybindings.
[2022-03-27 22:59:58.355] [settingssync] [info] Snippets: No changes found during synchronizing snippets.
[2022-03-27 22:59:58.359] [settingssync] [info] Tasks: No changes found during synchronizing tasks.
[2022-03-27 22:59:58.363] [settingssync] [info] GlobalState: No changes found during synchronizing ui state.
[2022-03-27 22:59:58.396] [settingssync] [info] Extensions: No changes found during synchronizing extensions.
[2022-03-27 22:59:58.397] [settingssync] [info] Sync done. Took 92ms
[2022-03-27 23:01:52.966] [settingssync] [info] Auto Sync: Triggered by Activity
[2022-03-27 23:01:53.303] [settingssync] [info] Settings: No changes found during synchronizing settings.
[2022-03-27 23:01:53.313] [settingssync] [info] Keybindings: No changes found during synchronizing keybindings.
[2022-03-27 23:01:53.326] [settingssync] [info] Snippets: No changes found during synchronizing snippets.
[2022-03-27 23:01:53.337] [settingssync] [info] Tasks: No changes found during synchronizing tasks.
[2022-03-27 23:01:53.352] [settingssync] [info] GlobalState: No changes found during synchronizing ui state.
[2022-03-27 23:01:53.400] [settingssync] [info] Extensions: No changes found during synchronizing extensions.
[2022-03-27 23:01:53.401] [settingssync] [info] Sync done. Took 112ms
[2022-03-27 23:02:05.018] [settingssync] [info] Auto Sync: Triggered by Activity
[2022-03-27 23:02:05.212] [settingssync] [info] Settings: No changes found during synchronizing settings.
[2022-03-27 23:02:05.223] [settingssync] [info] Keybindings: No changes found during synchronizing keybindings.
[2022-03-27 23:02:05.238] [settingssync] [info] Snippets: No changes found during synchronizing snippets.
[2022-03-27 23:02:05.249] [settingssync] [info] Tasks: No changes found during synchronizing tasks.
[2022-03-27 23:02:05.264] [settingssync] [info] GlobalState: No changes found during synchronizing ui state.
[2022-03-27 23:02:05.317] [settingssync] [info] Extensions: No changes found during synchronizing extensions.
[2022-03-27 23:02:05.317] [settingssync] [info] Sync done. Took 119ms
[2022-03-27 23:07:05.320] [settingssync] [info] Auto Sync: Triggered by Interval
[2022-03-27 23:07:06.039] [settingssync] [info] Settings: No changes found during synchronizing settings.
[2022-03-27 23:07:06.051] [settingssync] [info] Keybindings: No changes found during synchronizing keybindings.
[2022-03-27 23:07:06.056] [settingssync] [info] Snippets: No changes found during synchronizing snippets.
[2022-03-27 23:07:06.059] [settingssync] [info] Tasks: No changes found during synchronizing tasks.
[2022-03-27 23:07:06.062] [settingssync] [info] GlobalState: No changes found during synchronizing ui state.
[2022-03-27 23:07:06.104] [settingssync] [info] Extensions: No changes found during synchronizing extensions.
[2022-03-27 23:07:06.104] [settingssync] [info] Sync done. Took 82ms
[2022-03-27 23:12:06.107] [settingssync] [info] Auto Sync: Triggered by Interval
[2022-03-27 23:12:06.823] [settingssync] [info] Settings: No changes found during synchronizing settings.
[2022-03-27 23:12:06.829] [settingssync] [info] Keybindings: No changes found during synchronizing keybindings.
[2022-03-27 23:12:06.836] [settingssync] [info] Snippets: No changes found during synchronizing snippets.
[2022-03-27 23:12:06.840] [settingssync] [info] Tasks: No changes found during synchronizing tasks.
[2022-03-27 23:12:06.846] [settingssync] [info] GlobalState: No changes found during synchronizing ui state.
[2022-03-27 23:12:06.877] [settingssync] [info] Extensions: No changes found during synchronizing extensions.
[2022-03-27 23:12:06.878] [settingssync] [info] Sync done. Took 92ms
[2022-03-27 23:17:06.882] [settingssync] [info] Auto Sync: Triggered by Interval
[2022-03-27 23:17:07.776] [settingssync] [info] Settings: No changes found during synchronizing settings.
[2022-03-27 23:17:07.784] [settingssync] [info] Keybindings: No changes found during synchronizing keybindings.
[2022-03-27 23:17:07.791] [settingssync] [info] Snippets: No changes found during synchronizing snippets.
[2022-03-27 23:17:07.798] [settingssync] [info] Tasks: No changes found during synchronizing tasks.
[2022-03-27 23:17:07.805] [settingssync] [info] GlobalState: No changes found during synchronizing ui state.
[2022-03-27 23:17:07.861] [settingssync] [info] Extensions: No changes found during synchronizing extensions.
[2022-03-27 23:17:07.862] [settingssync] [info] Sync done. Took 104ms
[2022-03-27 23:22:07.865] [settingssync] [info] Auto Sync: Triggered by Interval
[2022-03-27 23:22:08.640] [settingssync] [info] Settings: No changes found during synchronizing settings.
[2022-03-27 23:22:08.653] [settingssync] [info] Keybindings: No changes found during synchronizing keybindings.
[2022-03-27 23:22:08.669] [settingssync] [info] Snippets: No changes found during synchronizing snippets.
[2022-03-27 23:22:08.680] [settingssync] [info] Tasks: No changes found during synchronizing tasks.
[2022-03-27 23:22:08.696] [settingssync] [info] GlobalState: No changes found during synchronizing ui state.
[2022-03-27 23:22:08.759] [settingssync] [info] Extensions: No changes found during synchronizing extensions.
[2022-03-27 23:22:08.760] [settingssync] [info] Sync done. Took 132ms
[2022-03-27 23:27:08.763] [settingssync] [info] Auto Sync: Triggered by Interval
[2022-03-27 23:27:09.562] [settingssync] [info] Settings: No changes found during synchronizing settings.
[2022-03-27 23:27:09.569] [settingssync] [info] Keybindings: No changes found during synchronizing keybindings.
[2022-03-27 23:27:09.576] [settingssync] [info] Snippets: No changes found during synchronizing snippets.
[2022-03-27 23:27:09.580] [settingssync] [info] Tasks: No changes found during synchronizing tasks.
[2022-03-27 23:27:09.585] [settingssync] [info] GlobalState: No changes found during synchronizing ui state.
[2022-03-27 23:27:09.622] [settingssync] [info] Extensions: No changes found during synchronizing extensions.
[2022-03-27 23:27:09.622] [settingssync] [info] Sync done. Took 100ms
[2022-03-27 23:32:09.625] [settingssync] [info] Auto Sync: Triggered by Interval
[2022-03-27 23:32:10.301] [settingssync] [info] Settings: No changes found during synchronizing settings.
[2022-03-27 23:32:10.313] [settingssync] [info] Keybindings: No changes found during synchronizing keybindings.
[2022-03-27 23:32:10.328] [settingssync] [info] Snippets: No changes found during synchronizing snippets.
[2022-03-27 23:32:10.340] [settingssync] [info] Tasks: No changes found during synchronizing tasks.
[2022-03-27 23:32:10.356] [settingssync] [info] GlobalState: No changes found during synchronizing ui state.
[2022-03-27 23:32:10.415] [settingssync] [info] Extensions: No changes found during synchronizing extensions.
[2022-03-27 23:32:10.416] [settingssync] [info] Sync done. Took 129ms
[2022-03-27 23:32:35.598] [settingssync] [info] Auto Sync: Triggered by Activity
[2022-03-27 23:32:35.794] [settingssync] [info] Settings: No changes found during synchronizing settings.
[2022-03-27 23:32:35.804] [settingssync] [info] Keybindings: No changes found during synchronizing keybindings.
[2022-03-27 23:32:35.809] [settingssync] [info] Snippets: No changes found during synchronizing snippets.
[2022-03-27 23:32:35.813] [settingssync] [info] Tasks: No changes found during synchronizing tasks.
[2022-03-27 23:32:35.821] [settingssync] [info] GlobalState: No changes found during synchronizing ui state.
[2022-03-27 23:32:35.868] [settingssync] [info] Extensions: No changes found during synchronizing extensions.
[2022-03-27 23:32:35.870] [settingssync] [info] Sync done. Took 80ms
[2022-03-27 23:37:35.871] [settingssync] [info] Auto Sync: Triggered by Interval
[2022-03-27 23:37:36.646] [settingssync] [info] Settings: No changes found during synchronizing settings.
[2022-03-27 23:37:36.654] [settingssync] [info] Keybindings: No changes found during synchronizing keybindings.
[2022-03-27 23:37:36.665] [settingssync] [info] Snippets: No changes found during synchronizing snippets.
[2022-03-27 23:37:36.670] [settingssync] [info] Tasks: No changes found during synchronizing tasks.
[2022-03-27 23:37:36.676] [settingssync] [info] GlobalState: No changes found during synchronizing ui state.
[2022-03-27 23:37:36.735] [settingssync] [info] Extensions: No changes found during synchronizing extensions.
[2022-03-27 23:37:36.735] [settingssync] [info] Sync done. Took 99ms
[2022-03-27 23:42:36.738] [settingssync] [info] Auto Sync: Triggered by Interval
[2022-03-27 23:42:37.506] [settingssync] [info] Settings: No changes found during synchronizing settings.
[2022-03-27 23:42:37.513] [settingssync] [info] Keybindings: No changes found during synchronizing keybindings.
[2022-03-27 23:42:37.519] [settingssync] [info] Snippets: No changes found during synchronizing snippets.
[2022-03-27 23:42:37.523] [settingssync] [info] Tasks: No changes found during synchronizing tasks.
[2022-03-27 23:42:37.528] [settingssync] [info] GlobalState: No changes found during synchronizing ui state.
[2022-03-27 23:42:37.563] [settingssync] [info] Extensions: No changes found during synchronizing extensions.
[2022-03-27 23:42:37.564] [settingssync] [info] Sync done. Took 86ms
[2022-03-27 23:47:37.567] [settingssync] [info] Auto Sync: Triggered by Interval
[2022-03-27 23:47:44.383] [settingssync] [info] Settings: No changes found during synchronizing settings.
[2022-03-27 23:47:44.393] [settingssync] [info] Keybindings: No changes found during synchronizing keybindings.
[2022-03-27 23:47:44.405] [settingssync] [info] Snippets: No changes found during synchronizing snippets.
[2022-03-27 23:47:44.411] [settingssync] [info] Tasks: No changes found during synchronizing tasks.
[2022-03-27 23:47:44.418] [settingssync] [info] GlobalState: No changes found during synchronizing ui state.
[2022-03-27 23:47:44.458] [settingssync] [info] Extensions: No changes found during synchronizing extensions.
[2022-03-27 23:47:44.459] [settingssync] [info] Sync done. Took 94ms
[2022-03-27 23:52:44.462] [settingssync] [info] Auto Sync: Triggered by Interval
[2022-03-27 23:52:45.147] [settingssync] [info] Settings: No changes found during synchronizing settings.
[2022-03-27 23:52:45.154] [settingssync] [info] Keybindings: No changes found during synchronizing keybindings.
[2022-03-27 23:52:45.162] [settingssync] [info] Snippets: No changes found during synchronizing snippets.
[2022-03-27 23:52:45.166] [settingssync] [info] Tasks: No changes found during synchronizing tasks.
[2022-03-27 23:52:45.171] [settingssync] [info] GlobalState: No changes found during synchronizing ui state.
[2022-03-27 23:52:45.207] [settingssync] [info] Extensions: No changes found during synchronizing extensions.
[2022-03-27 23:52:45.208] [settingssync] [info] Sync done. Took 79ms
[2022-03-27 23:57:45.209] [settingssync] [info] Auto Sync: Triggered by Interval
[2022-03-27 23:57:45.973] [settingssync] [info] Settings: No changes found during synchronizing settings.
[2022-03-27 23:57:45.978] [settingssync] [info] Keybindings: No changes found during synchronizing keybindings.
[2022-03-27 23:57:45.985] [settingssync] [info] Snippets: No changes found during synchronizing snippets.
[2022-03-27 23:57:45.987] [settingssync] [info] Tasks: No changes found during synchronizing tasks.
[2022-03-27 23:57:45.994] [settingssync] [info] GlobalState: No changes found during synchronizing ui state.
[2022-03-27 23:57:46.048] [settingssync] [info] Extensions: No changes found during synchronizing extensions.
[2022-03-27 23:57:46.049] [settingssync] [info] Sync done. Took 82ms
[2022-03-28 00:02:46.052] [settingssync] [info] Auto Sync: Triggered by Interval
[2022-03-28 00:02:46.732] [settingssync] [info] Settings: No changes found during synchronizing settings.
[2022-03-28 00:02:46.735] [settingssync] [info] Keybindings: No changes found during synchronizing keybindings.
[2022-03-28 00:02:46.739] [settingssync] [info] Snippets: No changes found during synchronizing snippets.
[2022-03-28 00:02:46.742] [settingssync] [info] Tasks: No changes found during synchronizing tasks.
[2022-03-28 00:02:46.745] [settingssync] [info] GlobalState: No changes found during synchronizing ui state.
[2022-03-28 00:02:46.775] [settingssync] [info] Extensions: No changes found during synchronizing extensions.
[2022-03-28 00:02:46.776] [settingssync] [info] Sync done. Took 61ms
[2022-03-28 00:07:46.779] [settingssync] [info] Auto Sync: Triggered by Interval
[2022-03-28 00:07:47.482] [settingssync] [info] Settings: No changes found during synchronizing settings.
[2022-03-28 00:07:47.494] [settingssync] [info] Keybindings: No changes found during synchronizing keybindings.
[2022-03-28 00:07:47.510] [settingssync] [info] Snippets: No changes found during synchronizing snippets.
[2022-03-28 00:07:47.522] [settingssync] [info] Tasks: No changes found during synchronizing tasks.
[2022-03-28 00:07:47.537] [settingssync] [info] GlobalState: No changes found during synchronizing ui state.
[2022-03-28 00:07:47.581] [settingssync] [info] Extensions: No changes found during synchronizing extensions.
[2022-03-28 00:07:47.581] [settingssync] [info] Sync done. Took 111ms
[2022-03-28 00:12:47.584] [settingssync] [info] Auto Sync: Triggered by Interval
[2022-03-28 00:12:48.194] [settingssync] [info] Settings: No changes found during synchronizing settings.
[2022-03-28 00:12:48.198] [settingssync] [info] Keybindings: No changes found during synchronizing keybindings.
[2022-03-28 00:12:48.204] [settingssync] [info] Snippets: No changes found during synchronizing snippets.
[2022-03-28 00:12:48.209] [settingssync] [info] Tasks: No changes found during synchronizing tasks.
[2022-03-28 00:12:48.215] [settingssync] [info] GlobalState: No changes found during synchronizing ui state.
[2022-03-28 00:12:48.256] [settingssync] [info] Extensions: No changes found during synchronizing extensions.
[2022-03-28 00:12:48.257] [settingssync] [info] Sync done. Took 68ms
[2022-03-28 00:17:48.260] [settingssync] [info] Auto Sync: Triggered by Interval
[2022-03-28 00:17:48.878] [settingssync] [info] Settings: No changes found during synchronizing settings.
[2022-03-28 00:17:48.891] [settingssync] [info] Keybindings: No changes found during synchronizing keybindings.
[2022-03-28 00:17:48.906] [settingssync] [info] Snippets: No changes found during synchronizing snippets.
[2022-03-28 00:17:48.918] [settingssync] [info] Tasks: No changes found during synchronizing tasks.
[2022-03-28 00:17:48.935] [settingssync] [info] GlobalState: No changes found during synchronizing ui state.
[2022-03-28 00:17:48.999] [settingssync] [info] Extensions: No changes found during synchronizing extensions.
[2022-03-28 00:17:48.999] [settingssync] [info] Sync done. Took 134ms
[2022-03-28 00:22:49.002] [settingssync] [info] Auto Sync: Triggered by Interval
[2022-03-28 00:22:49.820] [settingssync] [info] Settings: No changes found during synchronizing settings.
[2022-03-28 00:22:49.827] [settingssync] [info] Keybindings: No changes found during synchronizing keybindings.
[2022-03-28 00:22:49.835] [settingssync] [info] Snippets: No changes found during synchronizing snippets.
[2022-03-28 00:22:49.840] [settingssync] [info] Tasks: No changes found during synchronizing tasks.
[2022-03-28 00:22:49.844] [settingssync] [info] GlobalState: No changes found during synchronizing ui state.
[2022-03-28 00:22:49.884] [settingssync] [info] Extensions: No changes found during synchronizing extensions.
[2022-03-28 00:22:49.885] [settingssync] [info] Sync done. Took 87ms
[2022-03-28 00:25:40.025] [settingssync] [info] Auto Sync: Triggered by Activity
[2022-03-28 00:25:41.205] [settingssync] [info] Settings: No changes found during synchronizing settings.
[2022-03-28 00:25:41.212] [settingssync] [info] Keybindings: No changes found during synchronizing keybindings.
[2022-03-28 00:25:41.218] [settingssync] [info] Snippets: No changes found during synchronizing snippets.
[2022-03-28 00:25:41.223] [settingssync] [info] Tasks: No changes found during synchronizing tasks.
[2022-03-28 00:25:41.228] [settingssync] [info] GlobalState: No changes found during synchronizing ui state.
[2022-03-28 00:25:41.263] [settingssync] [info] Extensions: No changes found during synchronizing extensions.
[2022-03-28 00:25:41.264] [settingssync] [info] Sync done. Took 78ms
[2022-03-28 00:26:12.082] [settingssync] [info] Auto Sync: Triggered by Activity
