[2022-03-18 23:49:03.566] [exthost] [info] Extension host with pid 2319 started
[2022-03-18 23:49:03.566] [exthost] [info] Skipping acquiring lock for /home/dofamine/.config/Code/User/workspaceStorage/c0397cbd5c59d28ac55aca1fb87f0987.
[2022-03-18 23:49:03.650] [exthost] [info] ExtensionService#_doActivateExtension aaron-bond.better-comments, startup: false, activationEvent: 'onLanguage:plaintext'
[2022-03-18 23:49:03.654] [exthost] [info] ExtensionService#_doActivateExtension vscode.html-language-features, startup: false, activationEvent: 'onLanguage:html'
[2022-03-18 23:49:03.701] [exthost] [info] ExtensionService#_doActivateExtension vscode.microsoft-authentication, startup: false, activationEvent: 'onAuthenticationRequest:microsoft'
[2022-03-18 23:49:03.737] [exthost] [info] ExtensionService#_doActivateExtension vscode.debug-auto-launch, startup: true, activationEvent: '*'
[2022-03-18 23:49:03.740] [exthost] [info] ExtensionService#_doActivateExtension vscode.git-base, startup: true, activationEvent: '*', root cause: vscode.github
[2022-03-18 23:49:03.744] [exthost] [info] ExtensionService#_doActivateExtension vscode.ipynb, startup: true, activationEvent: '*'
[2022-03-18 23:49:03.757] [exthost] [info] ExtensionService#_doActivateExtension formulahendry.auto-close-tag, startup: true, activationEvent: '*'
[2022-03-18 23:49:03.759] [exthost] [info] ExtensionService#_doActivateExtension formulahendry.auto-rename-tag, startup: true, activationEvent: '*'
[2022-03-18 23:49:03.782] [exthost] [info] ExtensionService#_doActivateExtension funkyremi.vscode-google-translate, startup: true, activationEvent: '*'
[2022-03-18 23:49:03.925] [exthost] [info] ExtensionService#_doActivateExtension kisstkondoros.vscode-gutter-preview, startup: true, activationEvent: '*'
[2022-03-18 23:49:03.960] [exthost] [info] ExtensionService#_doActivateExtension oderwat.indent-rainbow, startup: true, activationEvent: '*'
[2022-03-18 23:49:04.139] [exthost] [info] ExtensionService#_doActivateExtension vscode.github-authentication, startup: false, activationEvent: 'onAuthenticationRequest:github'
[2022-03-18 23:49:04.335] [exthost] [info] ExtensionService#_doActivateExtension vscode.git, startup: true, activationEvent: '*'
[2022-03-18 23:49:04.390] [exthost] [info] ExtensionService#_doActivateExtension vscode.github, startup: true, activationEvent: '*'
[2022-03-18 23:49:04.447] [exthost] [info] Eager extensions activated
[2022-03-18 23:49:04.480] [exthost] [info] ExtensionService#_doActivateExtension vscode.emmet, startup: false, activationEvent: 'onStartupFinished'
[2022-03-18 23:49:04.498] [exthost] [info] ExtensionService#_doActivateExtension vscode.merge-conflict, startup: false, activationEvent: 'onStartupFinished'
[2022-03-18 23:49:04.503] [exthost] [info] ExtensionService#_doActivateExtension ritwickdey.LiveServer, startup: false, activationEvent: 'onStartupFinished'
[2022-03-18 23:49:05.912] [exthost] [info] ExtensionService#_doActivateExtension vscode.configuration-editing, startup: false, activationEvent: 'onLanguage:jsonc'
[2022-03-18 23:49:05.919] [exthost] [info] ExtensionService#_doActivateExtension vscode.json-language-features, startup: false, activationEvent: 'onLanguage:jsonc'
[2022-03-18 23:49:05.983] [exthost] [info] ExtensionService#_doActivateExtension vscode.typescript-language-features, startup: false, activationEvent: 'onLanguage:jsonc'
[2022-03-18 23:49:06.379] [exthost] [info] extension host terminating: renderer closed the socket
[2022-03-18 23:49:06.422] [exthost] [info] Extension host with pid 2319 exiting with code 0
