[2022-03-24 19:31:43.553] [exthost] [info] Extension host with pid 44172 started
[2022-03-24 19:31:43.553] [exthost] [info] Skipping acquiring lock for /home/dofamine/.config/Code/User/workspaceStorage/c0397cbd5c59d28ac55aca1fb87f0987.
[2022-03-24 19:31:43.644] [exthost] [info] ExtensionService#_doActivateExtension aaron-bond.better-comments, startup: false, activationEvent: 'onLanguage:plaintext'
[2022-03-24 19:31:43.648] [exthost] [info] ExtensionService#_doActivateExtension vscode.html-language-features, startup: false, activationEvent: 'onLanguage:html'
[2022-03-24 19:31:43.693] [exthost] [info] ExtensionService#_doActivateExtension vscode.microsoft-authentication, startup: false, activationEvent: 'onAuthenticationRequest:microsoft'
[2022-03-24 19:31:43.742] [exthost] [info] ExtensionService#_doActivateExtension vscode.debug-auto-launch, startup: true, activationEvent: '*'
[2022-03-24 19:31:43.745] [exthost] [info] ExtensionService#_doActivateExtension vscode.git-base, startup: true, activationEvent: '*', root cause: vscode.github
[2022-03-24 19:31:43.749] [exthost] [info] ExtensionService#_doActivateExtension vscode.ipynb, startup: true, activationEvent: '*'
[2022-03-24 19:31:43.761] [exthost] [info] ExtensionService#_doActivateExtension formulahendry.auto-close-tag, startup: true, activationEvent: '*'
[2022-03-24 19:31:43.763] [exthost] [info] ExtensionService#_doActivateExtension formulahendry.auto-rename-tag, startup: true, activationEvent: '*'
[2022-03-24 19:31:43.784] [exthost] [info] ExtensionService#_doActivateExtension funkyremi.vscode-google-translate, startup: true, activationEvent: '*'
[2022-03-24 19:31:43.883] [exthost] [info] ExtensionService#_doActivateExtension kisstkondoros.vscode-gutter-preview, startup: true, activationEvent: '*'
[2022-03-24 19:31:43.911] [exthost] [info] ExtensionService#_doActivateExtension oderwat.indent-rainbow, startup: true, activationEvent: '*'
[2022-03-24 19:31:44.091] [exthost] [info] ExtensionService#_doActivateExtension vscode.github-authentication, startup: false, activationEvent: 'onAuthenticationRequest:github'
[2022-03-24 19:31:44.231] [exthost] [info] ExtensionService#_doActivateExtension vscode.git, startup: true, activationEvent: '*'
[2022-03-24 19:31:44.317] [exthost] [info] ExtensionService#_doActivateExtension vscode.github, startup: true, activationEvent: '*'
[2022-03-24 19:31:44.386] [exthost] [info] Eager extensions activated
[2022-03-24 19:31:44.399] [exthost] [info] ExtensionService#_doActivateExtension vscode.emmet, startup: false, activationEvent: 'onStartupFinished'
[2022-03-24 19:31:44.413] [exthost] [info] ExtensionService#_doActivateExtension vscode.merge-conflict, startup: false, activationEvent: 'onStartupFinished'
[2022-03-24 19:31:44.416] [exthost] [info] ExtensionService#_doActivateExtension ritwickdey.LiveServer, startup: false, activationEvent: 'onStartupFinished'
[2022-03-24 19:31:45.928] [exthost] [info] ExtensionService#_doActivateExtension vscode.configuration-editing, startup: false, activationEvent: 'onLanguage:jsonc'
[2022-03-24 19:31:45.943] [exthost] [info] ExtensionService#_doActivateExtension vscode.json-language-features, startup: false, activationEvent: 'onLanguage:jsonc'
[2022-03-24 19:31:46.006] [exthost] [info] ExtensionService#_doActivateExtension vscode.typescript-language-features, startup: false, activationEvent: 'onLanguage:jsonc'
[2022-03-24 19:32:03.900] [exthost] [info] extension host terminating: renderer closed the socket
[2022-03-24 19:32:03.918] [exthost] [info] Extension host with pid 44172 exiting with code 0
