[2022-04-08 00:36:08.202] [exthost] [info] Extension host with pid 39674 started
[2022-04-08 00:36:08.203] [exthost] [info] Skipping acquiring lock for /home/dofamine/.config/Code/User/workspaceStorage/f5167caebc3fe0ad4ff57eeff62dd274.
[2022-04-08 00:36:08.255] [exthost] [info] ExtensionService#_doActivateExtension aaron-bond.better-comments, startup: false, activationEvent: 'onLanguage:plaintext'
[2022-04-08 00:36:08.260] [exthost] [info] ExtensionService#_doActivateExtension vscode.html-language-features, startup: false, activationEvent: 'onLanguage:html'
[2022-04-08 00:36:08.279] [exthost] [info] ExtensionService#_doActivateExtension vscode.microsoft-authentication, startup: false, activationEvent: 'onAuthenticationRequest:microsoft'
[2022-04-08 00:36:08.301] [exthost] [info] ExtensionService#_doActivateExtension vscode.debug-auto-launch, startup: true, activationEvent: '*'
[2022-04-08 00:36:08.305] [exthost] [info] ExtensionService#_doActivateExtension vscode.git-base, startup: true, activationEvent: '*', root cause: vscode.github
[2022-04-08 00:36:08.309] [exthost] [info] ExtensionService#_doActivateExtension vscode.ipynb, startup: true, activationEvent: '*'
[2022-04-08 00:36:08.315] [exthost] [info] ExtensionService#_doActivateExtension formulahendry.auto-close-tag, startup: true, activationEvent: '*'
[2022-04-08 00:36:08.317] [exthost] [info] ExtensionService#_doActivateExtension formulahendry.auto-rename-tag, startup: true, activationEvent: '*'
[2022-04-08 00:36:08.328] [exthost] [info] ExtensionService#_doActivateExtension funkyremi.vscode-google-translate, startup: true, activationEvent: '*'
[2022-04-08 00:36:08.529] [exthost] [info] ExtensionService#_doActivateExtension kisstkondoros.vscode-gutter-preview, startup: true, activationEvent: '*'
[2022-04-08 00:36:08.554] [exthost] [info] ExtensionService#_doActivateExtension oderwat.indent-rainbow, startup: true, activationEvent: '*'
[2022-04-08 00:36:08.796] [exthost] [info] ExtensionService#_doActivateExtension vscode.github-authentication, startup: false, activationEvent: 'onAuthenticationRequest:github'
[2022-04-08 00:36:09.147] [exthost] [info] ExtensionService#_doActivateExtension vscode.git, startup: true, activationEvent: '*'
[2022-04-08 00:36:09.180] [exthost] [info] ExtensionService#_doActivateExtension vscode.github, startup: true, activationEvent: '*'
[2022-04-08 00:36:09.276] [exthost] [info] Eager extensions activated
[2022-04-08 00:36:09.315] [exthost] [info] ExtensionService#_doActivateExtension vscode.emmet, startup: false, activationEvent: 'onStartupFinished'
[2022-04-08 00:36:09.324] [exthost] [info] ExtensionService#_doActivateExtension vscode.merge-conflict, startup: false, activationEvent: 'onStartupFinished'
[2022-04-08 00:36:09.327] [exthost] [info] ExtensionService#_doActivateExtension ritwickdey.LiveServer, startup: false, activationEvent: 'onStartupFinished'
[2022-04-08 00:36:10.383] [exthost] [info] ExtensionService#_doActivateExtension vscode.configuration-editing, startup: false, activationEvent: 'onLanguage:jsonc'
[2022-04-08 00:36:10.386] [exthost] [info] ExtensionService#_doActivateExtension vscode.json-language-features, startup: false, activationEvent: 'onLanguage:jsonc'
[2022-04-08 00:36:10.406] [exthost] [info] ExtensionService#_doActivateExtension vscode.typescript-language-features, startup: false, activationEvent: 'onLanguage:jsonc'
[2022-04-08 00:36:17.050] [exthost] [info] extension host terminating: renderer closed the socket
[2022-04-08 00:36:17.077] [exthost] [error] ProxyResolver#resolveProxy DIRECT Canceled: Canceled
    at Object.F [as canceled] (/usr/share/code/resources/app/out/vs/workbench/api/node/extensionHostProcess.js:5:1172)
    at n._remoteCall (/usr/share/code/resources/app/out/vs/workbench/api/node/extensionHostProcess.js:89:13886)
    at Proxy.y.<computed>.$.charCodeAt.y.<computed> (/usr/share/code/resources/app/out/vs/workbench/api/node/extensionHostProcess.js:89:10294)
    at E.resolveProxy (/usr/share/code/resources/app/out/vs/workbench/api/node/extensionHostProcess.js:89:39914)
    at Object.resolveProxy (/usr/share/code/resources/app/out/vs/workbench/api/node/extensionHostProcess.js:99:58421)
    at useProxySettings (/usr/share/code/resources/app/node_modules.asar/vscode-proxy-agent/out/index.js:159:16)
    at /usr/share/code/resources/app/node_modules.asar/vscode-proxy-agent/out/index.js:107:13
    at /usr/share/code/resources/app/node_modules.asar/vscode-proxy-agent/out/index.js:336:13
    at processTicksAndRejections (internal/process/task_queues.js:93:5) 
[2022-04-08 00:36:17.101] [exthost] [info] Extension host with pid 39674 exiting with code 0
