[2022-03-24 19:31:40.981] [main] [info] window#load: attempt to load window (id: 1)
[2022-03-24 19:31:40.993] [main] [info] update#setState idle
[2022-03-24 19:31:41.021] [main] [info] ExtensionHostStarterWorker created
[2022-03-24 19:31:42.945] [main] [info] window#load: window reported ready (id: 1)
[2022-03-24 19:31:43.066] [main] [info] Starting extension host with pid 44172 (fork() took 7 ms).
[2022-03-24 19:31:43.066] [main] [info] ExtensionHostStarterWorker.start() took 7 ms.
[2022-03-24 19:31:51.511] [main] [info] window#load: attempt to load window (id: 3)
[2022-03-24 19:31:51.991] [main] [info] window#load: attempt to load window (id: 4)
[2022-03-24 19:31:52.130] [main] [info] window#load: window reported ready (id: 3)
[2022-03-24 19:31:52.293] [main] [info] Starting extension host with pid 44489 (fork() took 7 ms).
[2022-03-24 19:31:52.293] [main] [info] ExtensionHostStarterWorker.start() took 10 ms.
[2022-03-24 19:31:52.502] [main] [info] window#load: attempt to load window (id: 5)
[2022-03-24 19:31:52.828] [main] [info] window#load: window reported ready (id: 4)
[2022-03-24 19:31:53.020] [main] [info] Starting extension host with pid 44546 (fork() took 6 ms).
[2022-03-24 19:31:53.020] [main] [info] ExtensionHostStarterWorker.start() took 7 ms.
[2022-03-24 19:31:53.367] [main] [info] window#load: window reported ready (id: 5)
[2022-03-24 19:31:53.607] [main] [info] Starting extension host with pid 44597 (fork() took 7 ms).
[2022-03-24 19:31:53.607] [main] [info] ExtensionHostStarterWorker.start() took 8 ms.
[2022-03-24 19:32:00.436] [main] [info] Extension host with pid 44597 exited with code: 0, signal: null.
[2022-03-24 19:32:00.869] [main] [info] Extension host with pid 44546 exited with code: 0, signal: null.
[2022-03-24 19:32:03.305] [main] [info] Extension host with pid 44489 exited with code: 0, signal: null.
[2022-03-24 19:32:03.921] [main] [info] Waiting for extension host with pid 44172 to exit.
[2022-03-24 19:32:03.937] [main] [info] Extension host with pid 44172 exited with code: 0, signal: null.
