[2022-03-27 21:14:07.063] [main] [info] window#load: attempt to load window (id: 1)
[2022-03-27 21:14:07.077] [main] [info] update#setState idle
[2022-03-27 21:14:07.110] [main] [info] ExtensionHostStarterWorker created
[2022-03-27 21:14:08.962] [main] [info] window#load: window reported ready (id: 1)
[2022-03-27 21:14:09.100] [main] [info] Starting extension host with pid 5474 (fork() took 10 ms).
[2022-03-27 21:14:09.101] [main] [info] ExtensionHostStarterWorker.start() took 11 ms.
[2022-03-27 21:14:37.092] [main] [info] update#setState checking for updates
[2022-03-27 21:14:37.208] [main] [info] update#setState idle
[2022-03-27 21:19:18.108] [main] [info] window#load: attempt to load window (id: 1)
[2022-03-27 21:19:18.138] [main] [info] Extension host with pid 5474 exited with code: 0, signal: null.
[2022-03-27 21:19:18.650] [main] [info] window#load: window reported ready (id: 1)
[2022-03-27 21:19:18.811] [main] [info] Starting extension host with pid 5870 (fork() took 5 ms).
[2022-03-27 21:19:18.811] [main] [info] ExtensionHostStarterWorker.start() took 16 ms.
[2022-03-27 21:19:35.419] [main] [info] window#load: attempt to load window (id: 1)
[2022-03-27 21:19:35.443] [main] [info] Extension host with pid 5870 exited with code: 0, signal: null.
[2022-03-27 21:19:36.001] [main] [info] window#load: window reported ready (id: 1)
[2022-03-27 21:19:36.184] [main] [info] Starting extension host with pid 5959 (fork() took 6 ms).
[2022-03-27 21:19:36.184] [main] [info] ExtensionHostStarterWorker.start() took 10 ms.
[2022-03-27 21:20:17.480] [main] [info] Waiting for extension host with pid 5959 to exit.
[2022-03-27 21:20:17.488] [main] [info] Extension host with pid 5959 exited with code: 0, signal: null.
