[2022-03-27 21:14:09.942] [settingssync] [info] Using settings sync service https://vscode-sync.trafficmanager.net/
[2022-03-27 21:14:09.943] [settingssync] [info] Auto Sync is enabled.
[2022-03-27 21:14:09.943] [settingssync] [info] Auto Sync: Suspended until auth token is available.
[2022-03-27 21:14:16.420] [settingssync] [info] Auto Sync: Started
[2022-03-27 21:14:16.420] [settingssync] [info] Auto Sync: Triggered by Interval
[2022-03-27 21:14:17.476] [settingssync] [info] Settings: No changes found during synchronizing settings.
[2022-03-27 21:14:17.484] [settingssync] [info] Keybindings: No changes found during synchronizing keybindings.
[2022-03-27 21:14:17.490] [settingssync] [info] Snippets: No changes found during synchronizing snippets.
[2022-03-27 21:14:17.495] [settingssync] [info] Tasks: No changes found during synchronizing tasks.
[2022-03-27 21:14:17.501] [settingssync] [info] GlobalState: No changes found during synchronizing ui state.
[2022-03-27 21:14:17.553] [settingssync] [info] Extensions: No changes found during synchronizing extensions.
[2022-03-27 21:14:17.554] [settingssync] [info] Sync done. Took 140ms
[2022-03-27 21:16:57.591] [settingssync] [info] Auto Sync: Triggered by Activity
[2022-03-27 21:16:58.293] [settingssync] [info] Settings: No changes found during synchronizing settings.
[2022-03-27 21:16:58.299] [settingssync] [info] Keybindings: No changes found during synchronizing keybindings.
[2022-03-27 21:16:58.309] [settingssync] [info] Snippets: No changes found during synchronizing snippets.
[2022-03-27 21:16:58.313] [settingssync] [info] Tasks: No changes found during synchronizing tasks.
[2022-03-27 21:16:58.319] [settingssync] [info] GlobalState: No changes found during synchronizing ui state.
[2022-03-27 21:16:58.374] [settingssync] [info] Extensions: No changes found during synchronizing extensions.
[2022-03-27 21:16:58.376] [settingssync] [info] Sync done. Took 112ms
[2022-03-27 21:17:28.745] [settingssync] [info] Auto Sync: Triggered by Activity
[2022-03-27 21:17:28.981] [settingssync] [info] Settings: No changes found during synchronizing settings.
[2022-03-27 21:17:28.996] [settingssync] [info] Keybindings: No changes found during synchronizing keybindings.
[2022-03-27 21:17:29.024] [settingssync] [info] Snippets: No changes found during synchronizing snippets.
[2022-03-27 21:17:29.047] [settingssync] [info] Tasks: No changes found during synchronizing tasks.
[2022-03-27 21:17:29.070] [settingssync] [info] GlobalState: No changes found during synchronizing ui state.
[2022-03-27 21:17:29.125] [settingssync] [info] Extensions: No changes found during synchronizing extensions.
[2022-03-27 21:17:29.126] [settingssync] [info] Sync done. Took 161ms
[2022-03-27 21:17:46.931] [settingssync] [info] Auto Sync: Triggered by Activity
[2022-03-27 21:17:47.134] [settingssync] [info] Settings: No changes found during synchronizing settings.
[2022-03-27 21:17:47.140] [settingssync] [info] Keybindings: No changes found during synchronizing keybindings.
[2022-03-27 21:17:47.157] [settingssync] [info] Snippets: No changes found during synchronizing snippets.
[2022-03-27 21:17:47.162] [settingssync] [info] Tasks: No changes found during synchronizing tasks.
[2022-03-27 21:17:47.166] [settingssync] [info] GlobalState: No changes found during synchronizing ui state.
[2022-03-27 21:17:47.235] [settingssync] [info] Extensions: No changes found during synchronizing extensions.
[2022-03-27 21:17:47.236] [settingssync] [info] Sync done. Took 112ms
[2022-03-27 21:18:05.493] [settingssync] [info] Auto Sync: Triggered by Activity
[2022-03-27 21:18:05.700] [settingssync] [info] Settings: No changes found during synchronizing settings.
[2022-03-27 21:18:05.717] [settingssync] [info] Keybindings: No changes found during synchronizing keybindings.
[2022-03-27 21:18:05.734] [settingssync] [info] Snippets: No changes found during synchronizing snippets.
[2022-03-27 21:18:05.741] [settingssync] [info] Tasks: No changes found during synchronizing tasks.
[2022-03-27 21:18:05.749] [settingssync] [info] GlobalState: No changes found during synchronizing ui state.
[2022-03-27 21:18:05.792] [settingssync] [info] Extensions: No changes found during synchronizing extensions.
[2022-03-27 21:18:05.793] [settingssync] [info] Sync done. Took 112ms
[2022-03-27 21:18:09.087] [settingssync] [info] Auto Sync: Triggered by Activity
[2022-03-27 21:18:09.302] [settingssync] [info] Settings: No changes found during synchronizing settings.
[2022-03-27 21:18:09.313] [settingssync] [info] Keybindings: No changes found during synchronizing keybindings.
[2022-03-27 21:18:09.321] [settingssync] [info] Snippets: No changes found during synchronizing snippets.
[2022-03-27 21:18:09.329] [settingssync] [info] Tasks: No changes found during synchronizing tasks.
[2022-03-27 21:18:09.750] [settingssync] [info] GlobalState: Updated remote ui state
[2022-03-27 21:18:09.764] [settingssync] [info] GlobalState: Updated last synchronized ui state
[2022-03-27 21:18:09.851] [settingssync] [info] Extensions: No changes found during synchronizing extensions.
[2022-03-27 21:18:09.852] [settingssync] [info] Sync done. Took 574ms
[2022-03-27 21:18:28.296] [settingssync] [info] Auto Sync: Triggered by Activity
[2022-03-27 21:18:28.544] [settingssync] [info] Settings: No changes found during synchronizing settings.
[2022-03-27 21:18:28.551] [settingssync] [info] Keybindings: No changes found during synchronizing keybindings.
[2022-03-27 21:18:28.557] [settingssync] [info] Snippets: No changes found during synchronizing snippets.
[2022-03-27 21:18:28.562] [settingssync] [info] Tasks: No changes found during synchronizing tasks.
[2022-03-27 21:18:29.075] [settingssync] [info] GlobalState: Updated remote ui state
[2022-03-27 21:18:29.087] [settingssync] [info] GlobalState: Updated last synchronized ui state
[2022-03-27 21:18:29.152] [settingssync] [info] Extensions: No changes found during synchronizing extensions.
[2022-03-27 21:18:29.153] [settingssync] [info] Sync done. Took 642ms
[2022-03-27 21:18:43.841] [settingssync] [info] Auto Sync: Triggered by Activity
[2022-03-27 21:18:44.042] [settingssync] [info] Settings: No changes found during synchronizing settings.
[2022-03-27 21:18:44.060] [settingssync] [info] Keybindings: No changes found during synchronizing keybindings.
[2022-03-27 21:18:44.076] [settingssync] [info] Snippets: No changes found during synchronizing snippets.
[2022-03-27 21:18:44.084] [settingssync] [info] Tasks: No changes found during synchronizing tasks.
[2022-03-27 21:18:44.092] [settingssync] [info] GlobalState: No changes found during synchronizing ui state.
[2022-03-27 21:18:44.136] [settingssync] [info] Extensions: No changes found during synchronizing extensions.
[2022-03-27 21:18:44.137] [settingssync] [info] Sync done. Took 114ms
[2022-03-27 21:19:11.371] [settingssync] [info] Auto Sync: Triggered by Activity
[2022-03-27 21:19:11.631] [settingssync] [info] Settings: No changes found during synchronizing settings.
[2022-03-27 21:19:11.649] [settingssync] [info] Keybindings: No changes found during synchronizing keybindings.
[2022-03-27 21:19:11.661] [settingssync] [info] Snippets: No changes found during synchronizing snippets.
[2022-03-27 21:19:11.669] [settingssync] [info] Tasks: No changes found during synchronizing tasks.
[2022-03-27 21:19:11.676] [settingssync] [info] GlobalState: No changes found during synchronizing ui state.
[2022-03-27 21:19:11.715] [settingssync] [info] Extensions: No changes found during synchronizing extensions.
[2022-03-27 21:19:11.716] [settingssync] [info] Sync done. Took 99ms
[2022-03-27 21:19:21.518] [settingssync] [info] Auto Sync: Triggered by Activity
[2022-03-27 21:19:21.753] [settingssync] [info] Settings: No changes found during synchronizing settings.
[2022-03-27 21:19:21.760] [settingssync] [info] Keybindings: No changes found during synchronizing keybindings.
[2022-03-27 21:19:21.767] [settingssync] [info] Snippets: No changes found during synchronizing snippets.
[2022-03-27 21:19:21.771] [settingssync] [info] Tasks: No changes found during synchronizing tasks.
[2022-03-27 21:19:22.732] [settingssync] [info] GlobalState: Updated remote ui state
[2022-03-27 21:19:22.746] [settingssync] [info] GlobalState: Updated last synchronized ui state
[2022-03-27 21:19:22.818] [settingssync] [info] Extensions: No changes found during synchronizing extensions.
[2022-03-27 21:19:22.818] [settingssync] [info] Sync done. Took 1105ms
[2022-03-27 21:19:24.125] [settingssync] [info] Auto Sync: Triggered by Activity
[2022-03-27 21:19:24.369] [settingssync] [info] Settings: No changes found during synchronizing settings.
[2022-03-27 21:19:24.375] [settingssync] [info] Keybindings: No changes found during synchronizing keybindings.
[2022-03-27 21:19:24.382] [settingssync] [info] Snippets: No changes found during synchronizing snippets.
[2022-03-27 21:19:24.385] [settingssync] [info] Tasks: No changes found during synchronizing tasks.
[2022-03-27 21:19:24.390] [settingssync] [info] GlobalState: No changes found during synchronizing ui state.
[2022-03-27 21:19:24.424] [settingssync] [info] Extensions: No changes found during synchronizing extensions.
[2022-03-27 21:19:24.425] [settingssync] [info] Sync done. Took 90ms
[2022-03-27 21:19:38.919] [settingssync] [info] Auto Sync: Triggered by Activity
[2022-03-27 21:19:39.133] [settingssync] [info] Settings: No changes found during synchronizing settings.
[2022-03-27 21:19:39.140] [settingssync] [info] Keybindings: No changes found during synchronizing keybindings.
[2022-03-27 21:19:39.147] [settingssync] [info] Snippets: No changes found during synchronizing snippets.
[2022-03-27 21:19:39.151] [settingssync] [info] Tasks: No changes found during synchronizing tasks.
[2022-03-27 21:19:39.679] [settingssync] [info] GlobalState: Updated remote ui state
[2022-03-27 21:19:39.686] [settingssync] [info] GlobalState: Updated last synchronized ui state
[2022-03-27 21:19:39.724] [settingssync] [info] Extensions: No changes found during synchronizing extensions.
[2022-03-27 21:19:39.725] [settingssync] [info] Sync done. Took 625ms
[2022-03-27 21:19:51.017] [settingssync] [info] Auto Sync: Triggered by Activity
[2022-03-27 21:19:51.222] [settingssync] [info] Settings: No changes found during synchronizing settings.
[2022-03-27 21:19:51.235] [settingssync] [info] Keybindings: No changes found during synchronizing keybindings.
[2022-03-27 21:19:51.253] [settingssync] [info] Snippets: No changes found during synchronizing snippets.
[2022-03-27 21:19:51.266] [settingssync] [info] Tasks: No changes found during synchronizing tasks.
[2022-03-27 21:19:51.274] [settingssync] [info] GlobalState: No changes found during synchronizing ui state.
[2022-03-27 21:19:51.322] [settingssync] [info] Extensions: No changes found during synchronizing extensions.
[2022-03-27 21:19:51.323] [settingssync] [info] Sync done. Took 115ms
